zet_Sco
rho_Oph
newdata.lst
allmiracp.sh
allmira_edit.dat
add_data_ueda
X_Ant
XZ_Sex
WL6
WB89_977
W75N
W51M
W49N
W44
W43_M3
W43_M2
W3_3
W3_1
W33IRS3
W33B
W31_2
W31_1
W31A
W28A2_2
V_Crv
VLA1623
V779_Tau
V4334Sgr
Sh2-88
Sh2-76W
Sh2-256
Sh2-231
Sh2-187
Sh2-128N
Sgr_B2S
Sgr_B2N
Sgr_B2M
S_Sex
SERPENS_M
SERPENS
S231
RR_Ant
RCW142
PCC93_279
Orion_KL
Orion_IRc2
Onsala_3
Onsala_2N
OVO
OMC_2_FIR6
OMC_2_FIR5_off
OMC_2_FIR4
OMC_2_FIR3_off
OH43.8-0.1
OH12.8-1.9
NML_Cyg
NGC7000
NGC6334I_N
NGC6334I
NGC2024
NGC1333_SVS14
NGC1333_IRAS5
NGC1333_IRAS3
Mon_R2
MisV0814
MSX6CG026.4700+00.0207
M8E
M17_6
M17_5
M17_1
L935
L723
L255
L1551NE
L1448C
L1448
IRC+10234
IRAS23561+6037
IRAS23558+5106
IRAS23528+4821
IRAS23506+6224
IRAS23496+6131
IRAS23425+4338
IRAS23416+6130
IRAS23412-1533
IRAS23385+6053
IRAS23314+6033
IRAS23312+0601
IRAS23250+5837
IRAS23212+3927
IRAS23198-0230
IRAS23196+7841
IRAS23182+3920
IRAS23176+4658
IRAS23173+2600
IRAS23113+6113
IRAS23041+1016
IRAS23037+6213
IRAS23004+5642
IRAS22570+5912
IRAS22566+5830
IRAS22566+5828
IRAS22556+5833
IRAS22555+6213
IRAS22543+6145
IRAS22539+5758
IRAS22525+6033
IRAS22517+6215
IRAS22516+0838
IRAS22480+6002
IRAS22402+1045
IRAS22376+7455
IRAS22343+7501
IRAS22308+5812
IRAS22305+5803
IRAS22277+4534
IRAS22199+6322
IRAS22198+6336
IRAS22177+5936
IRAS22176+6303
IRAS22142+5206
IRAS22134+5834
IRAS22103+5120
IRAS22035+3506
IRAS22017+2806
IRAS21561+5806
IRAS21542+5558
IRAS21527+5727
IRAS21519+5613
IRAS21479+5510
IRAS21426+1228
IRAS21419+5832
IRAS21413+5442
IRAS21391+5802
IRAS21391+5026
IRAS21388+5622
IRAS21381+5000
IRAS21379+5106
IRAS21368+5502
IRAS21368+5456
IRAS21334+5039
IRAS21307+5049
IRAS21306+5540
IRAS21293+5535
IRAS21290+5535
IRAS21286+1055
IRAS21270+7135
IRAS21266+5016
IRAS21228+5332
IRAS21216+5536
IRAS21174+1747
IRAS21173+5450
IRAS21144+5430
IRAS21124-0306
IRAS21120+0736
IRAS21088+6817
IRAS21017+6742
IRAS21008+4700
IRAS20597+6800
IRAS20549+5245
IRAS20547+0247
IRAS20529+3013
IRAS20526+5958
IRAS20523+5302
IRAS20520+6003
IRAS20503+6006
IRAS20460+3253
IRAS20453+6746
IRAS20443+0215
IRAS20440-0105
IRAS20440+0412
IRAS20438-0415
IRAS20414+3524
IRAS20386+6751
IRAS20353+6742
IRAS20350+5954
IRAS20308+4104
IRAS20305+6246
IRAS20280+2631
IRAS20267+2105
IRAS20246+2813
IRAS20246+1456
IRAS20241+3811
IRAS20231+3440
IRAS20215+6243
IRAS20198+3716
IRAS20194+1707
IRAS20171+2732
IRAS20144+3726
IRAS20144+3526
IRAS20137+2838
IRAS20135+3055
IRAS20126+4104
IRAS20123+0429
IRAS20113+4917
IRAS20097+2010
IRAS20081+3122
IRAS20077-0625
IRAS20062+3550
IRAS20056+3350
IRAS20052+0554
IRAS20047+1248
IRAS20029+2759
IRAS20023+2855
IRAS20000+4954
IRAS19598+3324
IRAS19566+3423
IRAS19550-0201
IRAS19536+3237
IRAS19511+3935
IRAS19493+2905
IRAS19486+3247
IRAS19474-0744
IRAS19474+2637
IRAS19462+2232
IRAS19459+2815
IRAS19448+2653
IRAS19446+2505
IRAS19414+2237
IRAS19410+2336
IRAS19393+2447
IRAS19387+1527
IRAS19386+1513
IRAS19368+1935
IRAS19356+1136
IRAS19349+1657
IRAS19334-0033
IRAS19323+2103
IRAS19312+1950
IRAS19309+2022
IRAS19307+1338
IRAS19305+2410
IRAS19303+1553
IRAS19290+1600
IRAS19283+1421
IRAS19282+1814
IRAS19276+1500
IRAS19271+1354
IRAS19269+0813
IRAS19266+1745
IRAS19265+3116
IRAS19255+2123
IRAS19245+2347
IRAS19243+7135
IRAS19236+1359
IRAS19216+1419
IRAS19213+1723
IRAS19213+1424
IRAS19207+1410
IRAS19201+1400
IRAS19200+1536
IRAS19192+0922
IRAS19187+2221
IRAS19186+1657
IRAS19181+1349
IRAS19176+1939
IRAS19172+1706
IRAS19161+2343
IRAS19160+0755
IRAS19158+1955
IRAS19149+1638
IRAS19134+2131
IRAS19116+1511
IRAS19107+4113
IRAS19099+6711
IRAS19090+1746
IRAS19081+0322
IRAS19074+0336
IRAS19071+0625
IRAS19059-2219
IRAS19047+1539
IRAS19039+1634
IRAS19039+0809
IRAS19032+1715
IRAS19028+0604
IRAS18596+0315
IRAS18592+1455
IRAS18592+0108
IRAS18588+0428
IRAS18581+1405
IRAS18569+1722
IRAS18564+0155
IRAS18561+1642
IRAS18560+0638
IRAS18556+1409
IRAS18536+0753
IRAS18523+3246
IRAS18511+0038
IRAS18509-0018
IRAS18507+0121
IRAS18498-0017
IRAS18494-0130
IRAS18488-0107
IRAS18487-0015
IRAS18478-0058
IRAS18464-0140
IRAS18461-0136
IRAS18455-0149
IRAS18450-0148
IRAS18449-0115
IRAS18446-0209
IRAS18446-0150
IRAS18445-0222
IRAS18436+4334
IRAS18432-0149
IRAS18420+1137
IRAS18413+1354
IRAS18398+1035
IRAS18387-0423
IRAS18373-0021
IRAS18359+0847
IRAS18349+1023
IRAS18348-0526
IRAS18347+1113
IRAS18327-0715
IRAS18301-1759
IRAS18301-0900
IRAS18290-0924
IRAS18287-1157
IRAS18286-0959
IRAS18282-0951
IRAS18273-0738
IRAS18273-0626
IRAS18273+0113
IRAS18265+0028
IRAS18264-1052
IRAS18257-1000
IRAS18256-1103
IRAS18254-1118
IRAS18253-1130
IRAS18251-1048
IRAS18248-1158
IRAS18242-0823
IRAS18231-1112
IRAS18219-0725
IRAS18210-1825
IRAS18204-1344
IRAS18192-1603
IRAS18187-1605
IRAS18184-0850
IRAS18176-1848
IRAS18174-1612
IRAS18173-1642
IRAS18170+0353
IRAS18167-1634
IRAS18164-1631
IRAS18159-1648
IRAS18154-2257
IRAS18153-1651
IRAS18148-0440
IRAS18144-1723
IRAS18139-1816
IRAS18138-1745
IRAS18103-1738
IRAS18050-2213
IRAS18043-2116
IRAS18039-0813
IRAS18034-2441
IRAS18020-3011
IRAS18014-2955
IRAS18009-2019
IRAS17594+0826
IRAS17579+2335
IRAS17541+1110
IRAS17528+1144
IRAS17527-2439
IRAS17516-2532
IRAS17501-2656
IRAS17482-2824
IRAS17474-2704
IRAS17474-0641
IRAS17408+1732
IRAS17392-3020
IRAS17360-3012
IRAS17338+0051
IRAS17329+5359
IRAS17256+0504
IRAS17229-0301
IRAS17123+1107
IRAS17119+0859
IRAS17050+1714
IRAS16589-3315
IRAS16560+2252
IRAS16552-3050
IRAS16534-3030
IRAS16523+0745
IRAS16503+0529
IRAS16438-1133
IRAS16325+6651
IRAS16316-1540
IRAS16306+7223
IRAS16293-2422
IRAS16289-2450
IRAS16285-2355
IRAS16246-2436
IRAS16244-2432
IRAS16243-2422
IRAS16235+1900
IRAS16131-0216
IRAS16081+2511
IRAS16049+1003
IRAS16037+4218
IRAS16030-0634
IRAS16028-2739
IRAS15576-1212
IRAS15566+3609
IRAS15528-1242
IRAS15436-2058
IRAS15304-1509
IRAS15303-2700
IRAS15298+0348
IRAS15262+0400
IRAS15255+1944
IRAS15214-2244
IRAS15193+3132
IRAS15193+1429
IRAS15106-1532
IRAS15090-0549
IRAS15060+0947
IRAS14571-2135
IRAS14524-2148
IRAS14382-2504
IRAS14349+2657
IRAS14303-1042
IRAS14280-2952
IRAS14251-3246
IRAS14247+0454
IRAS14219+2555
IRAS14106-2940
IRAS14086-2839
IRAS14086-0730
IRAS14040+1343
IRAS13492-0325
IRAS13462-2807
IRAS13303-0656
IRAS13269-2301
IRAS13172+4547
IRAS13068-0927
IRAS13001+0527
IRAS12449+3838
IRAS12447+0425
IRAS12366+5845
IRAS12341+5945
IRAS12120-0545
IRAS12026+1238
IRAS12016+1903
IRAS11577-0954
IRAS11567-2652
IRAS11501-0719
IRAS11462-2628
IRAS11390+3845
IRAS11252+1525
IRAS11125+7524
IRAS10580-1803
IRAS10521+7208
IRAS10411+6902
IRAS09507+3509
IRAS09452+1330
IRAS09448+1139
IRAS09429-2148
IRAS09425+3444
IRAS09406+3012
IRAS09331-1428
IRAS09235-2347
IRAS09076+3110
IRAS09069+2527
IRAS09057+1325
IRAS08534-1901
IRAS08149-1339
IRAS08138+1152
IRAS08134+4017
IRAS08084-1510
IRAS08076-3556
IRAS08016+4107
IRAS07585-1242
IRAS07542+2127
IRAS07427-2400
IRAS07422-2001
IRAS07400+2334
IRAS07399-1435
IRAS07333-1838
IRAS07308+3037
IRAS07304-2032
IRAS07299-1651
IRAS07279-2038
IRAS07277-1821
IRAS07268-0410
IRAS07232-0544
IRAS07209-2540
IRAS07207-1435
IRAS07197-1451
IRAS07173-1744
IRAS07153-2411
IRAS07111-1211
IRAS07099-0146
IRAS07077-1026
IRAS07051+6601
IRAS07024-1102
IRAS07021-0852
IRAS07019-1631
IRAS07015-0346
IRAS07013-1128
IRAS07006-0654
IRAS06579-0432
IRAS06520-0428
IRAS06500+0829
IRAS06403-0138
IRAS06384+0932
IRAS06369+0722
IRAS06363+5954
IRAS06351-0055
IRAS06349-0121
IRAS06346+1444
IRAS06344-0124
IRAS06308+0402
IRAS06306+0437
IRAS06300+6058
IRAS06291+0421
IRAS06241+1025
IRAS06158+1517
IRAS06158+1506
IRAS06145+1455
IRAS06127+1418
IRAS06117+1350
IRAS06114+1745
IRAS06099+1800
IRAS06088+2152
IRAS06080+1233
IRAS06067+2138
IRAS06061+2151
IRAS06058+2138
IRAS06056+2131
IRAS06055+2039
IRAS06053-0622
IRAS06006+3015
IRAS06001+3014
IRAS05559+7430
IRAS05559+3825
IRAS05553+1631
IRAS05552+1720
IRAS05528+2010
IRAS05524+0723
IRAS05506+2414
IRAS05491+0247
IRAS05466+2316
IRAS05445+0020
IRAS05443+2707
IRAS05423+2905
IRAS05417+0907
IRAS05411+6957
IRAS05388+3200
IRAS05375-0731
IRAS05373+2349
IRAS05369-0728
IRAS05368+2841
IRAS05367+3736
IRAS05365-1404
IRAS05363+2454
IRAS05345+3556
IRAS05341-0530
IRAS05338-0647
IRAS05338-0624
IRAS05335+3609
IRAS05329-0512
IRAS05329-0508
IRAS05327-0457
IRAS05295+1247
IRAS05292+1833
IRAS05257+1538
IRAS05168+3634
IRAS05155+0707
IRAS05151+6312
IRAS05146+2521
IRAS05137+3919
IRAS05132+5331
IRAS05131+4530
IRAS05131+3039
IRAS05091+4639
IRAS05075+3755
IRAS05073+5248
IRAS05070+4707
IRAS05031+3519
IRAS05027-2158
IRAS04579+4703
IRAS04575+1251
IRAS04566+5606
IRAS04396+0647
IRAS04385+2550
IRAS04381+2540
IRAS04368+2557
IRAS04365+2535
IRAS04361+2547
IRAS04355+0814
IRAS04340+4623
IRAS04302+2247
IRAS04295+2251
IRAS04292+2422
IRAS04288+2417
IRAS04287+1807
IRAS04287+1801
IRAS04280+2722
IRAS04264+3853
IRAS04263+2426
IRAS04255+1003
IRAS04190+1924
IRAS04188+2819
IRAS04155+2812
IRAS04146+5318
IRAS04094-2515
IRAS04085+5347
IRAS04073+3800
IRAS04070+5411
IRAS04064+5052
IRAS04064+3321
IRAS03597+2055
IRAS03572+5509
IRAS03557+4404
IRAS03544+5431
IRAS03534+5402
IRAS03507+1115
IRAS03445+3242
IRAS03380+5532
IRAS03353+5550
IRAS03301+3057
IRAS03262+3108
IRAS03259+3105
IRAS03258+3104
IRAS03245+3002
IRAS03236+5836
IRAS03225+3034
IRAS03035+5819
IRAS03030+5532
IRAS02593+6016
IRAS02541+6208
IRAS02485+6902
IRAS02470+5536
IRAS02469+5646
IRAS02461+6147
IRAS02455+6034
IRAS02433+6345
IRAS02425+6851
IRAS02420+1206
IRAS02404+2150
IRAS02395+6244
IRAS02381+5923
IRAS02339+3402
IRAS02333+5930
IRAS02316+6455
IRAS02310+6133
IRAS02255+6903
IRAS02251+5102
IRAS02234-0024
IRAS02232+6138
IRAS02230+6202
IRAS02219+6152
IRAS02192+5821
IRAS02168-0312
IRAS02143+4404
IRAS02044+6031
IRAS01556+4511
IRAS01304+6211
IRAS01260+6456
IRAS01217+6049
IRAS01134+6429
IRAS01133+6434
IRAS01123+6430
IRAS01085+3022
IRAS01045+6505
IRAS01042-0144
IRAS01037+1219
IRAS00534+6031
IRAS00503+6445
IRAS00498+4708
IRAS00494+5617
IRAS00468+6527
IRAS00428+6854
IRAS00420+5530
IRAS00379+6248
IRAS00342+6347
IRAS00340+6251
IRAS00338+6312
IRAS00259+5625
IRAS00211+6549
IRAS00117+6412
IRAS00087+5833
IRAS00050-2546
IRAS00007+5524
IRAM04191+1522
HHL50
HH224
HH211_FIR
HH16-17
H-SB
Gliese581
GY284
GY213
GSS30_IRS
GRS043.89-00.78
GL961E
GAL031.06+00.09
GAL021.04-00.06
GAL020.73-00.05
G31.06+0.47
G23.71+0.17
G23.46-0.20
G22.98-0.36
G007.47+00.06
Cep_B
BS40_2
AXJ1808.6-2024
AFGL4029
AFGL2136
AAVSO1616-17
2MASS0904-2810
01222-0012
00007+5524
