/Users/sio/ovo/OVO/inputbox/AB_Cyg_K_101107IRK.txt
/Users/sio/ovo/OVO/inputbox/G069.9+01.5_K_101007IRK.txt
/Users/sio/ovo/OVO/inputbox/G35.20-0.74_K_100911IRK.txt
/Users/sio/ovo/OVO/inputbox/HD53766_K_101114IRK.txt
/Users/sio/ovo/OVO/inputbox/HD53766_K_101115IRK.txt
/Users/sio/ovo/OVO/inputbox/HH12_K_100911IRK.txt
/Users/sio/ovo/OVO/inputbox/IC1848_K_100911IRK.txt
/Users/sio/ovo/OVO/inputbox/IRAS00007+5524_K_101021IRK.txt
/Users/sio/ovo/OVO/inputbox/IRAS00050-2546_K_100925IRK.txt
/Users/sio/ovo/OVO/inputbox/IRAS00172+4425_K_101023IRK.txt
/Users/sio/ovo/OVO/inputbox/IRAS00260+5624_K_101118IRK.txt
/Users/sio/ovo/OVO/inputbox/IRAS00420+5530_K_100925IRK.txt
/Users/sio/ovo/OVO/inputbox/IRAS00420+5530_K_101109IRK.txt
/Users/sio/ovo/OVO/inputbox/IRAS01037+1219_K_101118IRK.txt
/Users/sio/ovo/OVO/inputbox/IRAS01100+5935_K_101113IRK.txt
/Users/sio/ovo/OVO/inputbox/IRAS01100+5935_K_101114IRK.txt
/Users/sio/ovo/OVO/inputbox/IRAS01123+6430_K_101118IRK.txt
/Users/sio/ovo/OVO/inputbox/IRAS01133+6434_K_101105IRK.txt
/Users/sio/ovo/OVO/inputbox/IRAS01217+6049_K_101109IRK.txt
/Users/sio/ovo/OVO/inputbox/IRAS01265+4624_K_101007IRK.txt
/Users/sio/ovo/OVO/inputbox/IRAS01304+6211_K_101118IRK.txt
/Users/sio/ovo/OVO/inputbox/IRAS01597+1601_K_101021IRK.txt
/Users/sio/ovo/OVO/inputbox/IRAS02145+7831_K_101023IRK.txt
/Users/sio/ovo/OVO/inputbox/IRAS02145+7831_K_101105IRK.txt
/Users/sio/ovo/OVO/inputbox/IRAS02232+6138_K_101113IRK.txt
/Users/sio/ovo/OVO/inputbox/IRAS02232+6138_K_101114IRK.txt
/Users/sio/ovo/OVO/inputbox/IRAS02234-0024_K_101113IRK.txt
/Users/sio/ovo/OVO/inputbox/IRAS02234-0024_K_101114IRK.txt
/Users/sio/ovo/OVO/inputbox/IRAS02251+5102_K_100925IRK.txt
/Users/sio/ovo/OVO/inputbox/IRAS02251+5102_K_101109IRK.txt
/Users/sio/ovo/OVO/inputbox/IRAS02302+4525_K_101021IRK.txt
/Users/sio/ovo/OVO/inputbox/IRAS02302+4525_K_101022IRK.txt
/Users/sio/ovo/OVO/inputbox/IRAS02302+4525_K_101105IRK.txt
/Users/sio/ovo/OVO/inputbox/IRAS02316+6455_K_101105IRK.txt
/Users/sio/ovo/OVO/inputbox/IRAS02395+6244_K_101109IRK.txt
/Users/sio/ovo/OVO/inputbox/IRAS02404+2150_K_101105IRK.txt
/Users/sio/ovo/OVO/inputbox/IRAS02420+1206_K_101020IRK.txt
/Users/sio/ovo/OVO/inputbox/IRAS02541+6208_K_101118IRK.txt
/Users/sio/ovo/OVO/inputbox/IRAS02593+6016_K_101108IRK.txt
/Users/sio/ovo/OVO/inputbox/IRAS03242+4400_K_101023IRK.txt
/Users/sio/ovo/OVO/inputbox/IRAS03374+6229_K_101023IRK.txt
/Users/sio/ovo/OVO/inputbox/IRAS03415+8010_K_101023IRK.txt
/Users/sio/ovo/OVO/inputbox/IRAS03507+1115_K_100914IRK.txt
/Users/sio/ovo/OVO/inputbox/IRAS03507+1115_K_101024IRK.txt
/Users/sio/ovo/OVO/inputbox/IRAS03507+3623_K_101022IRK.txt
/Users/sio/ovo/OVO/inputbox/IRAS03507+3623_K_101105IRK.txt
/Users/sio/ovo/OVO/inputbox/IRAS04255+1003_K_100915IRK.txt
/Users/sio/ovo/OVO/inputbox/IRAS04255+1003_K_101109IRK.txt
/Users/sio/ovo/OVO/inputbox/IRAS04280+2722_K_100914IRK.txt
/Users/sio/ovo/OVO/inputbox/IRAS04361+2547_K_100925IRK.txt
/Users/sio/ovo/OVO/inputbox/IRAS04361+2547_K_101020IRK.txt
/Users/sio/ovo/OVO/inputbox/IRAS04382-1417_K_101022IRK.txt
/Users/sio/ovo/OVO/inputbox/IRAS04393-0802_K_101022IRK.txt
/Users/sio/ovo/OVO/inputbox/IRAS04459+6804_K_101023IRK.txt
/Users/sio/ovo/OVO/inputbox/IRAS04566+5606_K_101118IRK.txt
/Users/sio/ovo/OVO/inputbox/IRAS04579+4703_K_101109IRK.txt
/Users/sio/ovo/OVO/inputbox/IRAS05028+0106_K_101023IRK.txt
/Users/sio/ovo/OVO/inputbox/IRAS05073-0534_K_101114IRK.txt
/Users/sio/ovo/OVO/inputbox/IRAS05151+6312_K_100914IRK.txt
/Users/sio/ovo/OVO/inputbox/IRAS05151+6312_K_100915IRK.txt
/Users/sio/ovo/OVO/inputbox/IRAS05151+6312_K_101109IRK.txt
/Users/sio/ovo/OVO/inputbox/IRAS05168+3634_K_100905IRK.txt
/Users/sio/ovo/OVO/inputbox/IRAS05168+3634_K_101118IRK.txt
/Users/sio/ovo/OVO/inputbox/IRAS05220-0611_K_101022IRK.txt
/Users/sio/ovo/OVO/inputbox/IRAS05294+7225_K_101023IRK.txt
/Users/sio/ovo/OVO/inputbox/IRAS05335+3609_K_100915IRK.txt
/Users/sio/ovo/OVO/inputbox/IRAS05345+3556_K_101109IRK.txt
/Users/sio/ovo/OVO/inputbox/IRAS05365-1404_K_101023IRK.txt
/Users/sio/ovo/OVO/inputbox/IRAS05367+3736_K_101118IRK.txt
/Users/sio/ovo/OVO/inputbox/IRAS05388+3200_K_101109IRK.txt
/Users/sio/ovo/OVO/inputbox/IRAS05411+6957_K_101109IRK.txt
/Users/sio/ovo/OVO/inputbox/IRAS05426+2040_K_101023IRK.txt
/Users/sio/ovo/OVO/inputbox/IRAS05443+2707_K_100915IRK.txt
/Users/sio/ovo/OVO/inputbox/IRAS05528+2010_K_101109IRK.txt
/Users/sio/ovo/OVO/inputbox/IRAS05559+7430_K_100925IRK.txt
/Users/sio/ovo/OVO/inputbox/IRAS05585+1530_K_101113IRK.txt
/Users/sio/ovo/OVO/inputbox/IRAS06001+4617_K_101023IRK.txt
/Users/sio/ovo/OVO/inputbox/IRAS06007+4717_K_101113IRK.txt
/Users/sio/ovo/OVO/inputbox/IRAS06158+1517_K_100905IRK.txt
/Users/sio/ovo/OVO/inputbox/IRAS06278+2729_K_101022IRK.txt
/Users/sio/ovo/OVO/inputbox/IRAS06300+6058_K_101024IRK.txt
/Users/sio/ovo/OVO/inputbox/IRAS06300+6058_K_101109IRK.txt
/Users/sio/ovo/OVO/inputbox/IRAS06363+5954_K_100915IRK.txt
/Users/sio/ovo/OVO/inputbox/IRAS06423+0905_K_101022IRK.txt
/Users/sio/ovo/OVO/inputbox/IRAS06584+3035_K_101023IRK.txt
/Users/sio/ovo/OVO/inputbox/IRAS07207-1435_K_101109IRK.txt
/Users/sio/ovo/OVO/inputbox/IRAS07304-2032_K_100915IRK.txt
/Users/sio/ovo/OVO/inputbox/IRAS07399-1435_K_101023IRK.txt
/Users/sio/ovo/OVO/inputbox/IRAS07400+2334_K_101109IRK.txt
/Users/sio/ovo/OVO/inputbox/IRAS08032+6051_K_101113IRK.txt
/Users/sio/ovo/OVO/inputbox/IRAS08072+0512_K_101113IRK.txt
/Users/sio/ovo/OVO/inputbox/IRAS08072+0512_K_101115IRK.txt
/Users/sio/ovo/OVO/inputbox/IRAS08138+1152_K_100905IRK.txt
/Users/sio/ovo/OVO/inputbox/IRAS08138+1152_K_101024IRK.txt
/Users/sio/ovo/OVO/inputbox/IRAS08439+7908_K_101023IRK.txt
/Users/sio/ovo/OVO/inputbox/IRAS09069+2527_K_100905IRK.txt
/Users/sio/ovo/OVO/inputbox/IRAS09100+6728_K_101108IRK.txt
/Users/sio/ovo/OVO/inputbox/IRAS09425+3444_K_101024IRK.txt
/Users/sio/ovo/OVO/inputbox/IRAS09425+3444_K_101104IRK.txt
/Users/sio/ovo/OVO/inputbox/IRAS09448+1139_K_101030IRK.txt
/Users/sio/ovo/OVO/inputbox/IRAS09516+3619_K_101108IRK.txt
/Users/sio/ovo/OVO/inputbox/IRAS10015+1413_K_101108IRK.txt
/Users/sio/ovo/OVO/inputbox/IRAS10411+6902_K_101104IRK.txt
/Users/sio/ovo/OVO/inputbox/IRAS10411+6902_K_101118IRK.txt
/Users/sio/ovo/OVO/inputbox/IRAS10521+7208_K_100905IRK.txt
/Users/sio/ovo/OVO/inputbox/IRAS10521+7208_K_100908IRK.txt
/Users/sio/ovo/OVO/inputbox/IRAS10521+7208_K_101104IRK.txt
/Users/sio/ovo/OVO/inputbox/IRAS11252+1525_K_101104IRK.txt
/Users/sio/ovo/OVO/inputbox/IRAS11501-0719_K_101104IRK.txt
/Users/sio/ovo/OVO/inputbox/IRAS11538+5808_K_101108IRK.txt
/Users/sio/ovo/OVO/inputbox/IRAS11577-0954_K_101030IRK.txt
/Users/sio/ovo/OVO/inputbox/IRAS12120-0545_K_101017IRK.txt
/Users/sio/ovo/OVO/inputbox/IRAS12341+5945_K_100930IRK.txt
/Users/sio/ovo/OVO/inputbox/IRAS12341+5945_K_101007IRK.txt
/Users/sio/ovo/OVO/inputbox/IRAS12341+5945_K_101104IRK.txt
/Users/sio/ovo/OVO/inputbox/IRAS12449+3838_K_101013IRK.txt
/Users/sio/ovo/OVO/inputbox/IRAS12449+3838_K_101017IRK.txt
/Users/sio/ovo/OVO/inputbox/IRAS12544+6615_K_101108IRK.txt
/Users/sio/ovo/OVO/inputbox/IRAS13114-0232_K_101007IRK.txt
/Users/sio/ovo/OVO/inputbox/IRAS13172+4547_K_101108IRK.txt
/Users/sio/ovo/OVO/inputbox/IRAS14086-2839_K_101017IRK.txt
/Users/sio/ovo/OVO/inputbox/IRAS14247+0454_K_101007IRK.txt
/Users/sio/ovo/OVO/inputbox/IRAS14303-1042_K_101019IRK.txt
/Users/sio/ovo/OVO/inputbox/IRAS14303-1042_K_101020IRK.txt
/Users/sio/ovo/OVO/inputbox/IRAS14349+2657_K_101013IRK.txt
/Users/sio/ovo/OVO/inputbox/IRAS15035-1832_K_100904IRK.txt
/Users/sio/ovo/OVO/inputbox/IRAS15060+0947_K_101007IRK.txt
/Users/sio/ovo/OVO/inputbox/IRAS15060+0947_K_101030IRK.txt
/Users/sio/ovo/OVO/inputbox/IRAS15060+0947_K_101104IRK.txt
/Users/sio/ovo/OVO/inputbox/IRAS15090-0549_K_100904IRK.txt
/Users/sio/ovo/OVO/inputbox/IRAS15090-0549_K_101029IRK.txt
/Users/sio/ovo/OVO/inputbox/IRAS15255+1944_K_101017IRK.txt
/Users/sio/ovo/OVO/inputbox/IRAS15341+1515_K_101108IRK.txt
/Users/sio/ovo/OVO/inputbox/IRAS15492+4837_K_101108IRK.txt
/Users/sio/ovo/OVO/inputbox/IRAS15492+4837_K_101109IRK.txt
/Users/sio/ovo/OVO/inputbox/IRAS15528-1242_K_100911IRK.txt
/Users/sio/ovo/OVO/inputbox/IRAS15576-1212_K_100911IRK.txt
/Users/sio/ovo/OVO/inputbox/IRAS15576-1212_K_100914IRK.txt
/Users/sio/ovo/OVO/inputbox/IRAS16235+1900_K_100912IRK.txt
/Users/sio/ovo/OVO/inputbox/IRAS16235+1900_K_101029IRK.txt
/Users/sio/ovo/OVO/inputbox/IRAS16306+7223_K_101108IRK.txt
/Users/sio/ovo/OVO/inputbox/IRAS16325+6651_K_101013IRK.txt
/Users/sio/ovo/OVO/inputbox/IRAS16325+6651_K_101014IRK.txt
/Users/sio/ovo/OVO/inputbox/IRAS16342+6034_K_101108IRK.txt
/Users/sio/ovo/OVO/inputbox/IRAS16473+5753_K_101108IRK.txt
/Users/sio/ovo/OVO/inputbox/IRAS16503+0529_K_100912IRK.txt
/Users/sio/ovo/OVO/inputbox/IRAS18039-0813_K_101029IRK.txt
/Users/sio/ovo/OVO/inputbox/IRAS18061-2505_K_101106IRK.txt
/Users/sio/ovo/OVO/inputbox/IRAS18069+0911_K_100912IRK.txt
/Users/sio/ovo/OVO/inputbox/IRAS18115+3454_K_101022IRK.txt
/Users/sio/ovo/OVO/inputbox/IRAS18153-1651_K_100912IRK.txt
/Users/sio/ovo/OVO/inputbox/IRAS18186+3143_K_101022IRK.txt
/Users/sio/ovo/OVO/inputbox/IRAS18204-1344_K_101029IRK.txt
/Users/sio/ovo/OVO/inputbox/IRAS18213+0335_K_101013IRK.txt
/Users/sio/ovo/OVO/inputbox/IRAS18213+0335_K_101014IRK.txt
/Users/sio/ovo/OVO/inputbox/IRAS18327-0715_K_101030IRK.txt
/Users/sio/ovo/OVO/inputbox/IRAS18359+0847_K_101030IRK.txt
/Users/sio/ovo/OVO/inputbox/IRAS18413+1354_K_101030IRK.txt
/Users/sio/ovo/OVO/inputbox/IRAS18436+4334_K_100903IRK.txt
/Users/sio/ovo/OVO/inputbox/IRAS18436+4334_K_101109IRK.txt
/Users/sio/ovo/OVO/inputbox/IRAS18511+0038_K_100912IRK.txt
/Users/sio/ovo/OVO/inputbox/IRAS18592+0108_K_100911IRK.txt
/Users/sio/ovo/OVO/inputbox/IRAS19017-0545_K_101107IRK.txt
/Users/sio/ovo/OVO/inputbox/IRAS19065+0529_K_100912IRK.txt
/Users/sio/ovo/OVO/inputbox/IRAS19146+0959_K_101013IRK.txt
/Users/sio/ovo/OVO/inputbox/IRAS19147+5004_K_101107IRK.txt
/Users/sio/ovo/OVO/inputbox/IRAS19181+1346_K_101006IRK.txt
/Users/sio/ovo/OVO/inputbox/IRAS19181+1346_K_101007IRK.txt
/Users/sio/ovo/OVO/inputbox/IRAS19233+7627_K_101107IRK.txt
/Users/sio/ovo/OVO/inputbox/IRAS19243+7135_K_101030IRK.txt
/Users/sio/ovo/OVO/inputbox/IRAS19272+4556_K_101110IRK.txt
/Users/sio/ovo/OVO/inputbox/IRAS19356+1136_K_101109IRK.txt
/Users/sio/ovo/OVO/inputbox/IRAS19388+2357_K_101022IRK.txt
/Users/sio/ovo/OVO/inputbox/IRAS19388+2357_K_101118IRK.txt
/Users/sio/ovo/OVO/inputbox/IRAS19442+2427_K_101006IRK.txt
/Users/sio/ovo/OVO/inputbox/IRAS19442+2427_K_101007IRK.txt
/Users/sio/ovo/OVO/inputbox/IRAS19550-0201_K_101024IRK.txt
/Users/sio/ovo/OVO/inputbox/IRAS19598+3324_K_101007IRK.txt
/Users/sio/ovo/OVO/inputbox/IRAS20000+4954_K_100903IRK.txt
/Users/sio/ovo/OVO/inputbox/IRAS20106+3545_K_101022IRK.txt
/Users/sio/ovo/OVO/inputbox/IRAS20106+3545_K_101118IRK.txt
/Users/sio/ovo/OVO/inputbox/IRAS20115+3834_K_101107IRK.txt
/Users/sio/ovo/OVO/inputbox/IRAS20115+3834_K_101108IRK.txt
/Users/sio/ovo/OVO/inputbox/IRAS20123+0429_K_100911IRK.txt
/Users/sio/ovo/OVO/inputbox/IRAS20124-0618_K_101118IRK.txt
/Users/sio/ovo/OVO/inputbox/IRAS20126+4104_K_100912IRK.txt
/Users/sio/ovo/OVO/inputbox/IRAS20143+3634_K_100925IRK.txt
/Users/sio/ovo/OVO/inputbox/IRAS20144+3526_K_100911IRK.txt
/Users/sio/ovo/OVO/inputbox/IRAS20188+3928_K_100911IRK.txt
/Users/sio/ovo/OVO/inputbox/IRAS20248-2825_K_101022IRK.txt
/Users/sio/ovo/OVO/inputbox/IRAS20275+4001_K_100912IRK.txt
/Users/sio/ovo/OVO/inputbox/IRAS20278+3521_K_101118IRK.txt
/Users/sio/ovo/OVO/inputbox/IRAS20305+6246_K_101030IRK.txt
/Users/sio/ovo/OVO/inputbox/IRAS20366+2304_K_101107IRK.txt
/Users/sio/ovo/OVO/inputbox/IRAS20366+2304_K_101108IRK.txt
/Users/sio/ovo/OVO/inputbox/IRAS20431+1754_K_101108IRK.txt
/Users/sio/ovo/OVO/inputbox/IRAS20431+1754_K_101110IRK.txt
/Users/sio/ovo/OVO/inputbox/IRAS20440+0412_K_101109IRK.txt
/Users/sio/ovo/OVO/inputbox/IRAS20443+0215_K_101108IRK.txt
/Users/sio/ovo/OVO/inputbox/IRAS20453+6746_K_100911IRK.txt
/Users/sio/ovo/OVO/inputbox/IRAS20502+4709_K_101107IRK.txt
/Users/sio/ovo/OVO/inputbox/IRAS20502+4709_K_101108IRK.txt
/Users/sio/ovo/OVO/inputbox/IRAS21008+4700_K_100925IRK.txt
/Users/sio/ovo/OVO/inputbox/IRAS21086+5238_K_101007IRK.txt
/Users/sio/ovo/OVO/inputbox/IRAS21086+5238_K_101022IRK.txt
/Users/sio/ovo/OVO/inputbox/IRAS21086+5238_K_101105IRK.txt
/Users/sio/ovo/OVO/inputbox/IRAS21120+0736_K_101118IRK.txt
/Users/sio/ovo/OVO/inputbox/IRAS21306+5540_K_101006IRK.txt
/Users/sio/ovo/OVO/inputbox/IRAS21306+5540_K_101007IRK.txt
/Users/sio/ovo/OVO/inputbox/IRAS21391+5802_K_101118IRK.txt
/Users/sio/ovo/OVO/inputbox/IRAS21426+1228_K_101109IRK.txt
/Users/sio/ovo/OVO/inputbox/IRAS21439-0226_K_101021IRK.txt
/Users/sio/ovo/OVO/inputbox/IRAS21512+5625_K_101118IRK.txt
/Users/sio/ovo/OVO/inputbox/IRAS22035+3506_K_101030IRK.txt
/Users/sio/ovo/OVO/inputbox/IRAS22048+116*_K_101006IRK.txt
/Users/sio/ovo/OVO/inputbox/IRAS22048+116*_K_101007IRK.txt
/Users/sio/ovo/OVO/inputbox/IRAS22172+5549_K_101108IRK.txt
/Users/sio/ovo/OVO/inputbox/IRAS22516+0838_K_101104IRK.txt
/Users/sio/ovo/OVO/inputbox/IRAS22543+6145_K_101108IRK.txt
/Users/sio/ovo/OVO/inputbox/IRAS22555+6213_K_101118IRK.txt
/Users/sio/ovo/OVO/inputbox/IRAS22556+5833_K_101104IRK.txt
/Users/sio/ovo/OVO/inputbox/IRAS22566+5828_K_100925IRK.txt
/Users/sio/ovo/OVO/inputbox/IRAS23004+5642_K_101118IRK.txt
/Users/sio/ovo/OVO/inputbox/IRAS23041+1016_K_101024IRK.txt
/Users/sio/ovo/OVO/inputbox/IRAS23176+4658_K_101109IRK.txt
/Users/sio/ovo/OVO/inputbox/IRAS23416+6130_K_100905IRK.txt
/Users/sio/ovo/OVO/inputbox/IRAS23425+4338_K_100925IRK.txt
/Users/sio/ovo/OVO/inputbox/IRAS23425+4338_K_101109IRK.txt
/Users/sio/ovo/OVO/inputbox/IRAS23558+5106_K_101021IRK.txt
/Users/sio/ovo/OVO/inputbox/IRAS23587+6004_K_101023IRK.txt
/Users/sio/ovo/OVO/inputbox/L255_K_100912IRK.txt
/Users/sio/ovo/OVO/inputbox/NGC7000_K_101104IRK.txt
/Users/sio/ovo/OVO/inputbox/OMC_2_FIR4_K_100925IRK.txt
/Users/sio/ovo/OVO/inputbox/Sh2-187_K_100925IRK.txt
/Users/sio/ovo/OVO/inputbox/Sh2-187_K_101118IRK.txt
/Users/sio/ovo/OVO/inputbox/W51M_K_101118IRK.txt
